<?xml version="1.0" encoding="UTF-8"?>
<testng-results ignored="0" total="10" passed="10" failed="0" skipped="0">
  <reporter-output>
  </reporter-output>
  <suite started-at="2021-10-03T20:13:20 CEST" name="Functional tests" finished-at="2021-10-03T20:13:51 CEST" duration-ms="30639">
    <groups>
      <group name="cucumber">
        <method signature="AbstractTestNGCucumberTests.runScenario(io.cucumber.testng.PickleWrapper,io.cucumber.testng.FeatureWrapper)[pri:0, instance:runner.RunCucumber@4a94ee4]" name="runScenario" class="io.cucumber.testng.AbstractTestNGCucumberTests"/>
      </group> <!-- cucumber -->
    </groups>
    <test started-at="2021-10-03T20:13:20 CEST" name="Tests" finished-at="2021-10-03T20:13:51 CEST" duration-ms="30639">
      <class name="runner.RunCucumber">
        <test-method is-config="true" signature="setUpClass()[pri:0, instance:runner.RunCucumber@4a94ee4]" started-at="2021-10-03T20:13:20 CEST" name="setUpClass" finished-at="2021-10-03T20:13:21 CEST" duration-ms="767" status="PASS">
          <reporter-output>
          </reporter-output>
        </test-method> <!-- setUpClass -->
        <test-method signature="runScenario(io.cucumber.testng.PickleWrapper,io.cucumber.testng.FeatureWrapper)[pri:0, instance:runner.RunCucumber@4a94ee4]" started-at="2021-10-03T20:13:21 CEST" name="runScenario" description="Runs Cucumber Scenarios" data-provider="scenarios" finished-at="2021-10-03T20:13:27 CEST" duration-ms="5994" status="PASS">
          <params>
            <param index="0">
              <value>
                <![CDATA["Validate Ajax Form working as expected with filled input fields"]]>
              </value>
            </param>
            <param index="1">
              <value>
                <![CDATA["Optional[Ajax Form]"]]>
              </value>
            </param>
          </params>
          <reporter-output>
          </reporter-output>
        </test-method> <!-- runScenario -->
        <test-method signature="runScenario(io.cucumber.testng.PickleWrapper,io.cucumber.testng.FeatureWrapper)[pri:0, instance:runner.RunCucumber@4a94ee4]" started-at="2021-10-03T20:13:27 CEST" name="runScenario" description="Runs Cucumber Scenarios" data-provider="scenarios" finished-at="2021-10-03T20:13:32 CEST" duration-ms="4607" status="PASS">
          <params>
            <param index="0">
              <value>
                <![CDATA["Validate Ajax Form working as expected with filled input fields"]]>
              </value>
            </param>
            <param index="1">
              <value>
                <![CDATA["Optional[Ajax Form]"]]>
              </value>
            </param>
          </params>
          <reporter-output>
          </reporter-output>
        </test-method> <!-- runScenario -->
        <test-method signature="runScenario(io.cucumber.testng.PickleWrapper,io.cucumber.testng.FeatureWrapper)[pri:0, instance:runner.RunCucumber@4a94ee4]" started-at="2021-10-03T20:13:32 CEST" name="runScenario" description="Runs Cucumber Scenarios" data-provider="scenarios" finished-at="2021-10-03T20:13:34 CEST" duration-ms="2456" status="PASS">
          <params>
            <param index="0">
              <value>
                <![CDATA["Validate Ajax Form working as expected with empty Name input field"]]>
              </value>
            </param>
            <param index="1">
              <value>
                <![CDATA["Optional[Ajax Form]"]]>
              </value>
            </param>
          </params>
          <reporter-output>
          </reporter-output>
        </test-method> <!-- runScenario -->
        <test-method signature="runScenario(io.cucumber.testng.PickleWrapper,io.cucumber.testng.FeatureWrapper)[pri:0, instance:runner.RunCucumber@4a94ee4]" started-at="2021-10-03T20:13:34 CEST" name="runScenario" description="Runs Cucumber Scenarios" data-provider="scenarios" finished-at="2021-10-03T20:13:37 CEST" duration-ms="2534" status="PASS">
          <params>
            <param index="0">
              <value>
                <![CDATA["Validate Ajax Form working as expected with empty Name input field"]]>
              </value>
            </param>
            <param index="1">
              <value>
                <![CDATA["Optional[Ajax Form]"]]>
              </value>
            </param>
          </params>
          <reporter-output>
          </reporter-output>
        </test-method> <!-- runScenario -->
        <test-method signature="runScenario(io.cucumber.testng.PickleWrapper,io.cucumber.testng.FeatureWrapper)[pri:0, instance:runner.RunCucumber@4a94ee4]" started-at="2021-10-03T20:13:37 CEST" name="runScenario" description="Runs Cucumber Scenarios" data-provider="scenarios" finished-at="2021-10-03T20:13:39 CEST" duration-ms="1883" status="PASS">
          <params>
            <param index="0">
              <value>
                <![CDATA["Validate "Green" button working as excpected"]]>
              </value>
            </param>
            <param index="1">
              <value>
                <![CDATA["Optional[Table Filter]"]]>
              </value>
            </param>
          </params>
          <reporter-output>
          </reporter-output>
        </test-method> <!-- runScenario -->
        <test-method signature="runScenario(io.cucumber.testng.PickleWrapper,io.cucumber.testng.FeatureWrapper)[pri:0, instance:runner.RunCucumber@4a94ee4]" started-at="2021-10-03T20:13:39 CEST" name="runScenario" description="Runs Cucumber Scenarios" data-provider="scenarios" finished-at="2021-10-03T20:13:40 CEST" duration-ms="1795" status="PASS">
          <params>
            <param index="0">
              <value>
                <![CDATA["Validate "Orange" button working as excpected"]]>
              </value>
            </param>
            <param index="1">
              <value>
                <![CDATA["Optional[Table Filter]"]]>
              </value>
            </param>
          </params>
          <reporter-output>
          </reporter-output>
        </test-method> <!-- runScenario -->
        <test-method signature="runScenario(io.cucumber.testng.PickleWrapper,io.cucumber.testng.FeatureWrapper)[pri:0, instance:runner.RunCucumber@4a94ee4]" started-at="2021-10-03T20:13:40 CEST" name="runScenario" description="Runs Cucumber Scenarios" data-provider="scenarios" finished-at="2021-10-03T20:13:42 CEST" duration-ms="1811" status="PASS">
          <params>
            <param index="0">
              <value>
                <![CDATA["Validate "Red" button working as excpected"]]>
              </value>
            </param>
            <param index="1">
              <value>
                <![CDATA["Optional[Table Filter]"]]>
              </value>
            </param>
          </params>
          <reporter-output>
          </reporter-output>
        </test-method> <!-- runScenario -->
        <test-method signature="runScenario(io.cucumber.testng.PickleWrapper,io.cucumber.testng.FeatureWrapper)[pri:0, instance:runner.RunCucumber@4a94ee4]" started-at="2021-10-03T20:13:42 CEST" name="runScenario" description="Runs Cucumber Scenarios" data-provider="scenarios" finished-at="2021-10-03T20:13:45 CEST" duration-ms="2487" status="PASS">
          <params>
            <param index="0">
              <value>
                <![CDATA["Validate All button working as excpected"]]>
              </value>
            </param>
            <param index="1">
              <value>
                <![CDATA["Optional[Table Filter]"]]>
              </value>
            </param>
          </params>
          <reporter-output>
          </reporter-output>
        </test-method> <!-- runScenario -->
        <test-method signature="runScenario(io.cucumber.testng.PickleWrapper,io.cucumber.testng.FeatureWrapper)[pri:0, instance:runner.RunCucumber@4a94ee4]" started-at="2021-10-03T20:13:45 CEST" name="runScenario" description="Runs Cucumber Scenarios" data-provider="scenarios" finished-at="2021-10-03T20:13:47 CEST" duration-ms="2460" status="PASS">
          <params>
            <param index="0">
              <value>
                <![CDATA["Validate All button working as excpected"]]>
              </value>
            </param>
            <param index="1">
              <value>
                <![CDATA["Optional[Table Filter]"]]>
              </value>
            </param>
          </params>
          <reporter-output>
          </reporter-output>
        </test-method> <!-- runScenario -->
        <test-method signature="runScenario(io.cucumber.testng.PickleWrapper,io.cucumber.testng.FeatureWrapper)[pri:0, instance:runner.RunCucumber@4a94ee4]" started-at="2021-10-03T20:13:47 CEST" name="runScenario" description="Runs Cucumber Scenarios" data-provider="scenarios" finished-at="2021-10-03T20:13:49 CEST" duration-ms="2383" status="PASS">
          <params>
            <param index="0">
              <value>
                <![CDATA["Validate All button working as excpected"]]>
              </value>
            </param>
            <param index="1">
              <value>
                <![CDATA["Optional[Table Filter]"]]>
              </value>
            </param>
          </params>
          <reporter-output>
          </reporter-output>
        </test-method> <!-- runScenario -->
        <test-method is-config="true" signature="tearDownClass()[pri:0, instance:runner.RunCucumber@4a94ee4]" started-at="2021-10-03T20:13:49 CEST" name="tearDownClass" finished-at="2021-10-03T20:13:51 CEST" duration-ms="1416" status="PASS">
          <reporter-output>
          </reporter-output>
        </test-method> <!-- tearDownClass -->
      </class> <!-- runner.RunCucumber -->
    </test> <!-- Tests -->
  </suite> <!-- Functional tests -->
</testng-results>
